<?xml version="1.0" encoding="UTF-8"?>
<coverage generated="1678323021250" clover="3.2.0">
  <project timestamp="1678323021251" name="All files">
    <metrics statements="6" coveredstatements="5" conditionals="4" coveredconditionals="2" methods="3" coveredmethods="2" elements="13" coveredelements="9" complexity="0" loc="6" ncloc="6" packages="1" files="1" classes="1"/>
    <file name="Wrapper.tsx" path="/home/gabriel/Documentos/development/pessoal/inventoryApp/src/components/Form/Wrapper.tsx">
      <metrics statements="6" coveredstatements="5" conditionals="4" coveredconditionals="2" methods="3" coveredmethods="2"/>
      <line num="15" count="12" type="stmt"/>
      <line num="16" count="12" type="stmt"/>
      <line num="17" count="1" type="stmt"/>
      <line num="20" count="12" type="stmt"/>
      <line num="21" count="0" type="cond" truecount="0" falsecount="2"/>
      <line num="23" count="12" type="stmt"/>
    </file>
  </project>
</coverage>
