{"/home/gabriel/Documentos/development/pessoal/inventoryApp/src/components/Form/Wrapper.tsx": {"path":"/home/gabriel/Documentos/development/pessoal/inventoryApp/src/components/Form/Wrapper.tsx","statementMap":{"0":{"start":{"line":15,"column":21},"end":{"line":15,"column":36}},"1":{"start":{"line":16,"column":23},"end":{"line":18,"column":3}},"2":{"start":{"line":17,"column":4},"end":{"line":17,"column":15}},"3":{"start":{"line":20,"column":25},"end":{"line":22,"column":3}},"4":{"start":{"line":21,"column":4},"end":{"line":21,"column":59}},"5":{"start":{"line":23,"column":2},"end":{"line":61,"column":4}}},"fnMap":{"0":{"name":"Wrapper","decl":{"start":{"line":14,"column":16},"end":{"line":14,"column":23}},"loc":{"start":{"line":14,"column":74},"end":{"line":62,"column":1}},"line":14},"1":{"name":"(anonymous_1)","decl":{"start":{"line":16,"column":23},"end":{"line":16,"column":24}},"loc":{"start":{"line":16,"column":29},"end":{"line":18,"column":3}},"line":16},"2":{"name":"(anonymous_2)","decl":{"start":{"line":20,"column":25},"end":{"line":20,"column":26}},"loc":{"start":{"line":20,"column":31},"end":{"line":22,"column":3}},"line":20}},"branchMap":{"0":{"loc":{"start":{"line":21,"column":24},"end":{"line":21,"column":57}},"type":"cond-expr","locations":[{"start":{"line":21,"column":37},"end":{"line":21,"column":44}},{"start":{"line":21,"column":47},"end":{"line":21,"column":57}}],"line":21},"1":{"loc":{"start":{"line":54,"column":13},"end":{"line":56,"column":63}},"type":"cond-expr","locations":[{"start":{"line":55,"column":16},"end":{"line":55,"column":51}},{"start":{"line":56,"column":16},"end":{"line":56,"column":63}}],"line":54}},"s":{"0":12,"1":12,"2":1,"3":12,"4":0,"5":12},"f":{"0":12,"1":1,"2":0},"b":{"0":[0,0],"1":[6,6]},"_coverageSchema":"1a1c01bbd47fc00a2c39e90264f33305004495a9","hash":"3cca5515e91ce9a348d974117ff1691727d6e234"}
}
